# JRE version: Java(TM) SE Runtime Environment (8.0_11-b12) (build 1.8.0_11-b12)
# Java VM: Java HotSpot(TM) 64-Bit Server VM (25.11-b03 mixed mode bsd-amd64 compressed oops)
Heap:
 PSYoungGen      total 76288K, used 24544K [0x0000000795580000, 0x000000079d000000, 0x00000007c0000000)
  eden space 50688K, 0% used [0x0000000795580000,0x0000000795580000,0x0000000798700000)
  from space 25600K, 95% used [0x0000000798700000,0x0000000799ef8000,0x000000079a000000)
  to   space 29696K, 0% used [0x000000079b300000,0x000000079b300000,0x000000079d000000)
 ParOldGen       total 129536K, used 123217K [0x0000000740000000, 0x0000000747e80000, 0x0000000795580000)
  object space 129536K, 95% used [0x0000000740000000,0x00000007478545c0,0x0000000747e80000)
 Metaspace       used 2916K, capacity 4664K, committed 4864K, reserved 1056768K
  class space    used 315K, capacity 424K, committed 512K, reserved 1048576K
GC Heap History (10 events):
Event: 1.454 GC heap after
Heap after GC invocations=21 (full 0):
 PSYoungGen      total 40960K, used 13312K [0x0000000795580000, 0x000000079a180000, 0x00000007c0000000)
  eden space 27648K, 0% used [0x0000000795580000,0x0000000795580000,0x0000000797080000)
  from space 13312K, 100% used [0x0000000797080000,0x0000000797d80000,0x0000000797d80000)
  to   space 19456K, 0% used [0x0000000798e80000,0x0000000798e80000,0x000000079a180000)
 ParOldGen       total 129536K, used 58908K [0x0000000740000000, 0x0000000747e80000, 0x0000000795580000)
  object space 129536K, 45% used [0x0000000740000000,0x00000007439872f0,0x0000000747e80000)
 Metaspace       used 2916K, capacity 4664K, committed 4864K, reserved 1056768K
  class space    used 315K, capacity 424K, committed 512K, reserved 1048576K
}
Event: 1.518 GC heap before
{Heap before GC invocations=22 (full 0):
 PSYoungGen      total 40960K, used 40960K [0x0000000795580000, 0x000000079a180000, 0x00000007c0000000)
  eden space 27648K, 100% used [0x0000000795580000,0x0000000797080000,0x0000000797080000)
  from space 13312K, 100% used [0x0000000797080000,0x0000000797d80000,0x0000000797d80000)
  to   space 19456K, 0% used [0x0000000798e80000,0x0000000798e80000,0x000000079a180000)
 ParOldGen       total 129536K, used 58908K [0x0000000740000000, 0x0000000747e80000, 0x0000000795580000)
  object space 129536K, 45% used [0x0000000740000000,0x00000007439872f0,0x0000000747e80000)
 Metaspace       used 2916K, capacity 4664K, committed 4864K, reserved 1056768K
  class space    used 315K, capacity 424K, committed 512K, reserved 1048576K
Event: 1.618 GC heap after
Heap after GC invocations=22 (full 0):
 PSYoungGen      total 56832K, used 13950K [0x0000000795580000, 0x000000079a480000, 0x00000007c0000000)
  eden space 37376K, 0% used [0x0000000795580000,0x0000000795580000,0x0000000797a00000)
  from space 19456K, 71% used [0x0000000798e80000,0x0000000799c1fac0,0x000000079a180000)
  to   space 20992K, 0% used [0x0000000797a00000,0x0000000797a00000,0x0000000798e80000)
 ParOldGen       total 129536K, used 72252K [0x0000000740000000, 0x0000000747e80000, 0x0000000795580000)
  object space 129536K, 55% used [0x0000000740000000,0x000000074468f2f0,0x0000000747e80000)
 Metaspace       used 2916K, capacity 4664K, committed 4864K, reserved 1056768K
  class space    used 315K, capacity 424K, committed 512K, reserved 1048576K
}
Event: 1.684 GC heap before
{Heap before GC invocations=23 (full 0):
 PSYoungGen      total 56832K, used 51326K [0x0000000795580000, 0x000000079a480000, 0x00000007c0000000)
  eden space 37376K, 100% used [0x0000000795580000,0x0000000797a00000,0x0000000797a00000)
  from space 19456K, 71% used [0x0000000798e80000,0x0000000799c1fac0,0x000000079a180000)
  to   space 20992K, 0% used [0x0000000797a00000,0x0000000797a00000,0x0000000798e80000)
 ParOldGen       total 129536K, used 72252K [0x0000000740000000, 0x0000000747e80000, 0x0000000795580000)
  object space 129536K, 55% used [0x0000000740000000,0x000000074468f2f0,0x0000000747e80000)
 Metaspace       used 2916K, capacity 4664K, committed 4864K, reserved 1056768K
  class space    used 315K, capacity 424K, committed 512K, reserved 1048576K
Event: 1.754 GC heap after
Heap after GC invocations=23 (full 0):
 PSYoungGen      total 58368K, used 18080K [0x0000000795580000, 0x000000079b700000, 0x00000007c0000000)
  eden space 37376K, 0% used [0x0000000795580000,0x0000000795580000,0x0000000797a00000)
  from space 20992K, 86% used [0x0000000797a00000,0x0000000798ba8000,0x0000000798e80000)
  to   space 23552K, 0% used [0x000000079a000000,0x000000079a000000,0x000000079b700000)
 ParOldGen       total 129536K, used 86179K [0x0000000740000000, 0x0000000747e80000, 0x0000000795580000)
  object space 129536K, 66% used [0x0000000740000000,0x0000000745428db0,0x0000000747e80000)
 Metaspace       used 2916K, capacity 4664K, committed 4864K, reserved 1056768K
  class space    used 315K, capacity 424K, committed 512K, reserved 1048576K
}
Event: 1.802 GC heap before
{Heap before GC invocations=24 (full 0):
 PSYoungGen      total 58368K, used 55456K [0x0000000795580000, 0x000000079b700000, 0x00000007c0000000)
  eden space 37376K, 100% used [0x0000000795580000,0x0000000797a00000,0x0000000797a00000)
  from space 20992K, 86% used [0x0000000797a00000,0x0000000798ba8000,0x0000000798e80000)
  to   space 23552K, 0% used [0x000000079a000000,0x000000079a000000,0x000000079b700000)
 ParOldGen       total 129536K, used 86179K [0x0000000740000000, 0x0000000747e80000, 0x0000000795580000)
  object space 129536K, 66% used [0x0000000740000000,0x0000000745428db0,0x0000000747e80000)
 Metaspace       used 2916K, capacity 4664K, committed 4864K, reserved 1056768K
  class space    used 315K, capacity 424K, committed 512K, reserved 1048576K
Event: 1.927 GC heap after
Heap after GC invocations=24 (full 0):
 PSYoungGen      total 74240K, used 18974K [0x0000000795580000, 0x000000079bb00000, 0x00000007c0000000)
  eden space 50688K, 0% used [0x0000000795580000,0x0000000795580000,0x0000000798700000)
  from space 23552K, 80% used [0x000000079a000000,0x000000079b287810,0x000000079b700000)
  to   space 25600K, 0% used [0x0000000798700000,0x0000000798700000,0x000000079a000000)
 ParOldGen       total 129536K, used 104267K [0x0000000740000000, 0x0000000747e80000, 0x0000000795580000)
  object space 129536K, 80% used [0x0000000740000000,0x00000007465d2db0,0x0000000747e80000)
 Metaspace       used 2916K, capacity 4664K, committed 4864K, reserved 1056768K
  class space    used 315K, capacity 424K, committed 512K, reserved 1048576K
}
Event: 2.004 GC heap before
{Heap before GC invocations=25 (full 0):
 PSYoungGen      total 74240K, used 69662K [0x0000000795580000, 0x000000079bb00000, 0x00000007c0000000)
  eden space 50688K, 100% used [0x0000000795580000,0x0000000798700000,0x0000000798700000)
  from space 23552K, 80% used [0x000000079a000000,0x000000079b287810,0x000000079b700000)
  to   space 25600K, 0% used [0x0000000798700000,0x0000000798700000,0x000000079a000000)
 ParOldGen       total 129536K, used 104267K [0x0000000740000000, 0x0000000747e80000, 0x0000000795580000)
  object space 129536K, 80% used [0x0000000740000000,0x00000007465d2db0,0x0000000747e80000)
 Metaspace       used 2916K, capacity 4664K, committed 4864K, reserved 1056768K
  class space    used 315K, capacity 424K, committed 512K, reserved 1048576K
Event: 2.101 GC heap after
Heap after GC invocations=25 (full 0):
 PSYoungGen      total 76288K, used 24544K [0x0000000795580000, 0x000000079d000000, 0x00000007c0000000)
  eden space 50688K, 0% used [0x0000000795580000,0x0000000795580000,0x0000000798700000)
  from space 25600K, 95% used [0x0000000798700000,0x0000000799ef8000,0x000000079a000000)
  to   space 29696K, 0% used [0x000000079b300000,0x000000079b300000,0x000000079d000000)
 ParOldGen       total 129536K, used 123217K [0x0000000740000000, 0x0000000747e80000, 0x0000000795580000)
  object space 129536K, 95% used [0x0000000740000000,0x00000007478545c0,0x0000000747e80000)
 Metaspace       used 2916K, capacity 4664K, committed 4864K, reserved 1056768K
  class space    used 315K, capacity 424K, committed 512K, reserved 1048576K
}
Event: 2.101 GC heap before
{Heap before GC invocations=26 (full 1):
 PSYoungGen      total 76288K, used 24544K [0x0000000795580000, 0x000000079d000000, 0x00000007c0000000)
  eden space 50688K, 0% used [0x0000000795580000,0x0000000795580000,0x0000000798700000)
  from space 25600K, 95% used [0x0000000798700000,0x0000000799ef8000,0x000000079a000000)
  to   space 29696K, 0% used [0x000000079b300000,0x000000079b300000,0x000000079d000000)
 ParOldGen       total 129536K, used 123217K [0x0000000740000000, 0x0000000747e80000, 0x0000000795580000)
  object space 129536K, 95% used [0x0000000740000000,0x00000007478545c0,0x0000000747e80000)
 Metaspace       used 2916K, capacity 4664K, committed 4864K, reserved 1056768K
  class space    used 315K, capacity 424K, committed 512K, reserved 1048576K

